0 info it worked if it ends with ok
1 verbose cli [ '/Users/jkrems/.nvm/versions/node/v4.2.2/bin/node',
1 verbose cli   '/Users/jkrems/.nvm/versions/node/v4.2.2/bin/npm',
1 verbose cli   'i',
1 verbose cli   '-S',
1 verbose cli   'v8-flags' ]
2 info using npm@2.14.7
3 info using node@v4.2.2
4 verbose install initial load of /Users/jkrems/Projects/bugger/embedded-agents/package.json
5 verbose installManyTop reading scoped package data from /Users/jkrems/Projects/bugger/embedded-agents/node_modules/bindings/package.json
6 verbose installManyTop reading scoped package data from /Users/jkrems/Projects/bugger/embedded-agents/node_modules/bluebird/package.json
7 verbose installManyTop reading scoped package data from /Users/jkrems/Projects/bugger/embedded-agents/node_modules/debug/package.json
8 verbose installManyTop reading scoped package data from /Users/jkrems/Projects/bugger/embedded-agents/node_modules/debug-module/package.json
9 verbose installManyTop reading scoped package data from /Users/jkrems/Projects/bugger/embedded-agents/node_modules/lodash/package.json
10 verbose installManyTop reading scoped package data from /Users/jkrems/Projects/bugger/embedded-agents/node_modules/nan/package.json
11 verbose installManyTop reading scoped package data from /Users/jkrems/Projects/bugger/embedded-agents/node_modules/ws/package.json
12 verbose readDependencies loading dependencies from /Users/jkrems/Projects/bugger/embedded-agents/package.json
13 silly cache add args [ 'v8-flags', null ]
14 verbose cache add spec v8-flags
15 silly cache add parsed spec Result {
15 silly cache add   raw: 'v8-flags',
15 silly cache add   scope: null,
15 silly cache add   name: 'v8-flags',
15 silly cache add   rawSpec: '',
15 silly cache add   spec: '*',
15 silly cache add   type: 'range' }
16 silly addNamed v8-flags@*
17 verbose addNamed "*" is a valid semver range for v8-flags
18 silly addNameRange { name: 'v8-flags', range: '*', hasData: false }
19 silly mapToRegistry name v8-flags
20 silly mapToRegistry using default registry
21 silly mapToRegistry registry http://npm-registry.snc1/
22 silly mapToRegistry uri http://npm-registry.snc1/v8-flags
23 verbose addNameRange registry:http://npm-registry.snc1/v8-flags not in flight; fetching
24 verbose request uri http://npm-registry.snc1/v8-flags
25 verbose request no auth needed
26 info attempt registry request try #1 at 7:16:03 PM
27 verbose request id c50858eef7cb81c0
28 http request GET http://npm-registry.snc1/v8-flags
29 http 200 http://npm-registry.snc1/v8-flags
30 verbose headers { server: 'nginx/1.5.12',
30 verbose headers   date: 'Wed, 11 Nov 2015 03:16:04 GMT',
30 verbose headers   'content-type': 'application/json',
30 verbose headers   'transfer-encoding': 'chunked',
30 verbose headers   connection: 'keep-alive',
30 verbose headers   'cache-control': 'max-age=60',
30 verbose headers   via: '1.1 varnish',
30 verbose headers   age: '0',
30 verbose headers   'x-served-by': 'cache-lax1428-LAX',
30 verbose headers   'x-cache': 'MISS',
30 verbose headers   'x-cache-hits': '0',
30 verbose headers   'x-timer': 'S1447211764.408647,VS0,VE144',
30 verbose headers   vary: 'Accept',
30 verbose headers   'content-encoding': 'gzip' }
31 silly get cb [ 200,
31 silly get   { server: 'nginx/1.5.12',
31 silly get     date: 'Wed, 11 Nov 2015 03:16:04 GMT',
31 silly get     'content-type': 'application/json',
31 silly get     'transfer-encoding': 'chunked',
31 silly get     connection: 'keep-alive',
31 silly get     'cache-control': 'max-age=60',
31 silly get     via: '1.1 varnish',
31 silly get     age: '0',
31 silly get     'x-served-by': 'cache-lax1428-LAX',
31 silly get     'x-cache': 'MISS',
31 silly get     'x-cache-hits': '0',
31 silly get     'x-timer': 'S1447211764.408647,VS0,VE144',
31 silly get     vary: 'Accept',
31 silly get     'content-encoding': 'gzip' } ]
32 verbose get saving v8-flags to /Users/jkrems/.npm/npm-registry.snc1/v8-flags/.cache.json
33 silly addNameRange number 2 { name: 'v8-flags', range: '*', hasData: true }
34 silly addNameRange versions [ 'v8-flags', [ '0.1.0', '0.1.1', '0.1.2' ] ]
35 silly addNamed v8-flags@0.1.2
36 verbose addNamed "0.1.2" is a plain semver version for v8-flags
37 silly cache afterAdd v8-flags@0.1.2
38 verbose afterAdd /Users/jkrems/.npm/v8-flags/0.1.2/package/package.json not in flight; writing
39 verbose afterAdd /Users/jkrems/.npm/v8-flags/0.1.2/package/package.json written
40 silly install resolved [ { name: 'v8-flags',
40 silly install resolved     version: '0.1.2',
40 silly install resolved     description: 'Configures v8 flags at runtime.',
40 silly install resolved     main: 'index.js',
40 silly install resolved     scripts:
40 silly install resolved      { preinstall: 'node ./scripts/preinstall',
40 silly install resolved        install: 'node-gyp rebuild',
40 silly install resolved        build: 'node-gyp build',
40 silly install resolved        'gyp-remove': 'node-gyp remove `node -e \'console.log(process.version)\'`',
40 silly install resolved        'test-main': 'sh test.sh `node --version`',
40 silly install resolved        'test-0.8': 'sh test.sh 0.8',
40 silly install resolved        'test-0.10': 'sh test.sh 0.10',
40 silly install resolved        'test-0.11': 'sh test.sh 0.11',
40 silly install resolved        'test-all': 'npm run test-main && npm run test-0.8 && npm run test-0.10 && npm run test-0.11',
40 silly install resolved        test: 'if [ -e $TRAVIS ]; then npm run test-all; else npm run test-main; fi',
40 silly install resolved        'flag-doc-0.8': 'nave use 0.8 npm install && nave use 0.8 node ./scripts/gen-flag-doc > flags-0.8.md',
40 silly install resolved        'flag-doc-0.10': 'nave use 0.10 npm install && nave use 0.10 node ./scripts/gen-flag-doc > flags-0.10.md',
40 silly install resolved        'flag-doc-0.11': 'nave use 0.11 npm install && nave use 0.11 node ./scripts/gen-flag-doc > flags-0.11.md',
40 silly install resolved        'flag-doc': 'npm run flag-doc-0.8 && npm run flag-doc-0.10 && npm run flag-doc-0.11',
40 silly install resolved        docme: 'docme README.md -- --configure .jsdocrc' },
40 silly install resolved     repository: { type: 'git', url: 'git://github.com/thlorenz/v8-flags.git' },
40 silly install resolved     homepage: 'https://github.com/thlorenz/v8-flags',
40 silly install resolved     dependencies: { nan: '~1.2.0' },
40 silly install resolved     devDependencies:
40 silly install resolved      { doctoc: '~0.7.1',
40 silly install resolved        nave: '~0.4.3',
40 silly install resolved        semver: '~2.3.1',
40 silly install resolved        tap: '~0.4.11' },
40 silly install resolved     keywords: [ 'v8', 'flags', 'configure', 'tune' ],
40 silly install resolved     author:
40 silly install resolved      { name: 'Thorsten Lorenz',
40 silly install resolved        email: 'thlorenz@gmx.de',
40 silly install resolved        url: 'http://thlorenz.com' },
40 silly install resolved     license:
40 silly install resolved      { type: 'MIT',
40 silly install resolved        url: 'https://github.com/thlorenz/v8-flags/blob/master/LICENSE' },
40 silly install resolved     engine: { node: '>=0.8' },
40 silly install resolved     bugs: { url: 'https://github.com/thlorenz/v8-flags/issues' },
40 silly install resolved     _id: 'v8-flags@0.1.2',
40 silly install resolved     _shasum: '5ff7ceecc6e25eb86c3a079ba43c263a360445ac',
40 silly install resolved     _from: 'v8-flags@*',
40 silly install resolved     _npmVersion: '1.4.9',
40 silly install resolved     _npmUser: { name: 'thlorenz', email: 'thlorenz@gmx.de' },
40 silly install resolved     maintainers: [ [Object] ],
40 silly install resolved     dist:
40 silly install resolved      { shasum: '5ff7ceecc6e25eb86c3a079ba43c263a360445ac',
40 silly install resolved        tarball: 'http://registry.npmjs.org/v8-flags/-/v8-flags-0.1.2.tgz' },
40 silly install resolved     directories: {},
40 silly install resolved     _resolved: 'https://registry.npmjs.org/v8-flags/-/v8-flags-0.1.2.tgz',
40 silly install resolved     readme: 'ERROR: No README data found!' } ]
41 info install v8-flags@0.1.2 into /Users/jkrems/Projects/bugger/embedded-agents
42 info installOne v8-flags@0.1.2
43 verbose installOne of v8-flags to /Users/jkrems/Projects/bugger/embedded-agents not in flight; installing
44 verbose lock using /Users/jkrems/.npm/_locks/v8-flags-aed6d0228d6cde28.lock for /Users/jkrems/Projects/bugger/embedded-agents/node_modules/v8-flags
45 silly install write writing v8-flags 0.1.2 to /Users/jkrems/Projects/bugger/embedded-agents/node_modules/v8-flags
46 verbose unbuild node_modules/v8-flags
47 silly gentlyRm /Users/jkrems/Projects/bugger/embedded-agents/node_modules/v8-flags is being purged from base /Users/jkrems/Projects/bugger/embedded-agents
48 verbose gentlyRm don't care about contents; nuking /Users/jkrems/Projects/bugger/embedded-agents/node_modules/v8-flags
49 verbose tar unpack /Users/jkrems/.npm/v8-flags/0.1.2/package.tgz
50 verbose tar unpacking to /Users/jkrems/Projects/bugger/embedded-agents/node_modules/v8-flags
51 silly gentlyRm /Users/jkrems/Projects/bugger/embedded-agents/node_modules/v8-flags is being purged
52 verbose gentlyRm don't care about contents; nuking /Users/jkrems/Projects/bugger/embedded-agents/node_modules/v8-flags
53 silly gunzTarPerm modes [ '755', '644' ]
54 silly gunzTarPerm extractEntry package.json
55 silly gunzTarPerm extractEntry .npmignore
56 silly gunzTarPerm extractEntry README.md
57 silly gunzTarPerm extractEntry LICENSE
58 silly gunzTarPerm extractEntry index.js
59 silly gunzTarPerm extractEntry binding.gyp
60 silly gunzTarPerm extractEntry example/list-flags.js
61 silly gunzTarPerm extractEntry example/meta.js
62 silly gunzTarPerm extractEntry example/use-strict-violator.js
63 silly gunzTarPerm extractEntry example/use-strict.js
64 silly gunzTarPerm extractEntry flags-0.10.md
65 silly gunzTarPerm extractEntry flags-0.11.md
66 silly gunzTarPerm extractEntry .jsdocrc
67 silly gunzTarPerm extractEntry v8/flag-definitions.3.11.10.h
68 silly gunzTarPerm extractEntry v8/flag-definitions.3.14.5.h
69 silly gunzTarPerm extractEntry v8/flag-definitions.3.25.30.h
70 silly gunzTarPerm extractEntry test.sh
71 silly gunzTarPerm extractEntry .travis.yml
72 silly gunzTarPerm extractEntry scripts/gen-flag-doc.js
73 silly gunzTarPerm extractEntry scripts/preinstall.js
74 silly gunzTarPerm extractEntry scripts/comments/debug_compile_events.md
75 silly gunzTarPerm extractEntry scripts/comments/always_opt.md
76 silly gunzTarPerm extractEntry scripts/comments/cache_prototype_transitions.md
77 silly gunzTarPerm extractEntry scripts/comments/check_elimination.md
78 silly gunzTarPerm extractEntry scripts/comments/code_comments.md
79 silly gunzTarPerm extractEntry scripts/comments/code_stats.md
80 silly gunzTarPerm extractEntry scripts/comments/compilation_cache.md
81 silly gunzTarPerm extractEntry scripts/comments/concurrent_sweeping.md
82 silly gunzTarPerm extractEntry scripts/comments/crankshaft.md
83 silly gunzTarPerm extractEntry scripts/comments/dead_code_elimination.md
84 silly gunzTarPerm extractEntry scripts/comments/always_osr.md
85 silly gunzTarPerm extractEntry scripts/comments/debug_sim.md
86 silly gunzTarPerm extractEntry scripts/comments/debugger.md
87 silly gunzTarPerm extractEntry scripts/comments/debugger_agent.md
88 silly gunzTarPerm extractEntry scripts/comments/debugger_port.md
89 silly gunzTarPerm extractEntry scripts/comments/harmony_collections.md
90 silly gunzTarPerm extractEntry scripts/comments/harmony_modules.md
91 silly gunzTarPerm extractEntry scripts/comments/harmony_proxies.md
92 silly gunzTarPerm extractEntry scripts/comments/harmony_scope.md
93 silly gunzTarPerm extractEntry scripts/comments/harmony_typeof.md
94 silly gunzTarPerm extractEntry src/implications.h
95 silly gunzTarPerm extractEntry src/v8_flag_list.cc
96 silly gunzTarPerm extractEntry src/v8_flags.cc
97 silly gunzTarPerm extractEntry src/v8_flags_meta.cc
98 silly gunzTarPerm extractEntry test/implications.js
99 silly gunzTarPerm extractEntry test/index.js
100 silly gunzTarPerm extractEntry test/reset-all-flags.js
101 silly gunzTarPerm extractEntry test/debug-only/index.js
102 silly gunzTarPerm extractEntry test/fixtures/allow_natives_syntax.js
103 silly gunzTarPerm extractEntry test/fixtures/always_opt.js
104 silly gunzTarPerm extractEntry test/fixtures/code_stats.js
105 silly gunzTarPerm extractEntry test/fixtures/expose_gc.js
106 silly gunzTarPerm extractEntry test/fixtures/harmony_collections.js
107 silly gunzTarPerm extractEntry test/fixtures/harmony_modules-exports.js
108 silly gunzTarPerm extractEntry test/fixtures/harmony_modules-imports.js
109 silly gunzTarPerm extractEntry test/fixtures/harmony_proxies.js
110 silly gunzTarPerm extractEntry test/fixtures/harmony_scoping.js
111 silly gunzTarPerm extractEntry test/fixtures/harmony_typeof.js
112 silly gunzTarPerm extractEntry flags-0.8.md
113 verbose write writing to /Users/jkrems/Projects/bugger/embedded-agents/node_modules/v8-flags/package.json
114 info preinstall v8-flags@0.1.2
115 verbose unsafe-perm in lifecycle true
116 info v8-flags@0.1.2 Failed to exec preinstall script
117 verbose unlock done using /Users/jkrems/.npm/_locks/v8-flags-aed6d0228d6cde28.lock for /Users/jkrems/Projects/bugger/embedded-agents/node_modules/v8-flags
118 verbose stack Error: v8-flags@0.1.2 preinstall: `node ./scripts/preinstall`
118 verbose stack Exit status 1
118 verbose stack     at EventEmitter.<anonymous> (/Users/jkrems/.nvm/versions/node/v4.2.2/lib/node_modules/npm/lib/utils/lifecycle.js:214:16)
118 verbose stack     at emitTwo (events.js:87:13)
118 verbose stack     at EventEmitter.emit (events.js:172:7)
118 verbose stack     at ChildProcess.<anonymous> (/Users/jkrems/.nvm/versions/node/v4.2.2/lib/node_modules/npm/lib/utils/spawn.js:24:14)
118 verbose stack     at emitTwo (events.js:87:13)
118 verbose stack     at ChildProcess.emit (events.js:172:7)
118 verbose stack     at maybeClose (internal/child_process.js:818:16)
118 verbose stack     at Process.ChildProcess._handle.onexit (internal/child_process.js:211:5)
119 verbose pkgid v8-flags@0.1.2
120 verbose cwd /Users/jkrems/Projects/bugger/embedded-agents
121 error Darwin 15.0.0
122 error argv "/Users/jkrems/.nvm/versions/node/v4.2.2/bin/node" "/Users/jkrems/.nvm/versions/node/v4.2.2/bin/npm" "i" "-S" "v8-flags"
123 error node v4.2.2
124 error npm  v2.14.7
125 error code ELIFECYCLE
126 error v8-flags@0.1.2 preinstall: `node ./scripts/preinstall`
126 error Exit status 1
127 error Failed at the v8-flags@0.1.2 preinstall script 'node ./scripts/preinstall'.
127 error This is most likely a problem with the v8-flags package,
127 error not with npm itself.
127 error Tell the author that this fails on your system:
127 error     node ./scripts/preinstall
127 error You can get their info via:
127 error     npm owner ls v8-flags
127 error There is likely additional logging output above.
128 verbose exit [ 1, true ]
129 verbose unbuild node_modules/v8-flags
130 info preuninstall v8-flags@0.1.2
131 info uninstall v8-flags@0.1.2
132 verbose unbuild rmStuff v8-flags@0.1.2 from /Users/jkrems/Projects/bugger/embedded-agents/node_modules
133 info postuninstall v8-flags@0.1.2
134 silly gentlyRm /Users/jkrems/Projects/bugger/embedded-agents/node_modules/v8-flags is being purged from base /Users/jkrems/Projects/bugger/embedded-agents
135 verbose gentlyRm don't care about contents; nuking /Users/jkrems/Projects/bugger/embedded-agents/node_modules/v8-flags
136 silly vacuum-fs purging /Users/jkrems/Projects/bugger/embedded-agents/node_modules/v8-flags
137 silly vacuum-fs quitting because other entries in /Users/jkrems/Projects/bugger/embedded-agents/node_modules
